[    0.000000] Initializing cgroup subsys cpuset
[    0.000000] Initializing cgroup subsys cpu
[    0.000000] Initializing cgroup subsys cpuacct
[    0.000000] Linux version 4.4.0-209-generic (buildd@lcy01-amd64-019) (gcc version 5.4.0 20160609 (Ubuntu 5.4.0-6ubuntu1~16.04.12) ) #241-Ubuntu SMP Tue Apr 13 01:06:06 UTC 2021 (Ubuntu 4.4.0-209.241-generic 4.4.262)
[    0.000000] Command line: BOOT_IMAGE=/boot/vmlinuz-4.4.0-209-generic root=LABEL=cloudimg-rootfs ro console=tty1 console=ttyS0
[    0.000000] KERNEL supported cpus:
[    0.000000]   Intel GenuineIntel
[    0.000000]   AMD AuthenticAMD
[    0.000000]   Centaur CentaurHauls
[    0.000000] x86/fpu: xstate_offset[2]:  576, xstate_sizes[2]:  256
[    0.000000] x86/fpu: Supporting XSAVE feature 0x01: 'x87 floating point registers'
[    0.000000] x86/fpu: Supporting XSAVE feature 0x02: 'SSE registers'
[    0.000000] x86/fpu: Supporting XSAVE feature 0x04: 'AVX registers'
[    0.000000] x86/fpu: Enabled xstate features 0x7, context size is 832 bytes, using 'standard' format.
[    0.000000] e820: BIOS-provided physical RAM map:
[    0.000000] BIOS-e820: [mem 0x0000000000000000-0x000000000009fbff] usable
[    0.000000] BIOS-e820: [mem 0x000000000009fc00-0x000000000009ffff] reserved
[    0.000000] BIOS-e820: [mem 0x00000000000f0000-0x00000000000fffff] reserved
[    0.000000] BIOS-e820: [mem 0x0000000000100000-0x000000007ffeffff] usable
[    0.000000] BIOS-e820: [mem 0x000000007fff0000-0x000000007fffffff] ACPI data
[    0.000000] BIOS-e820: [mem 0x00000000fec00000-0x00000000fec00fff] reserved
[    0.000000] BIOS-e820: [mem 0x00000000fee00000-0x00000000fee00fff] reserved
[    0.000000] BIOS-e820: [mem 0x00000000fffc0000-0x00000000ffffffff] reserved
[    0.000000] NX (Execute Disable) protection: active
[    0.000000] SMBIOS 2.5 present.
[    0.000000] Hypervisor detected: KVM
[    0.000000] e820: last_pfn = 0x7fff0 max_arch_pfn = 0x400000000
[    0.000000] MTRR: Disabled
[    0.000000] x86/PAT: MTRRs disabled, skipping PAT initialization too.
[    0.000000] CPU MTRRs all blank - virtualized system.
[    0.000000] x86/PAT: Configuration [0-7]: WB  WT  UC- UC  WB  WT  UC- UC  
[    0.000000] found SMP MP-table at [mem 0x0009fff0-0x0009ffff] mapped at [ffff88000009fff0]
[    0.000000] Scanning 1 areas for low memory corruption
[    0.000000] RAMDISK: [mem 0x362dc000-0x37165fff]
[    0.000000] ACPI: Early table checksum verification disabled
[    0.000000] ACPI: RSDP 0x00000000000E0000 000024 (v02 VBOX  )
[    0.000000] ACPI: XSDT 0x000000007FFF0030 00003C (v01 VBOX   VBOXXSDT 00000001 ASL  00000061)
[    0.000000] ACPI: FACP 0x000000007FFF00F0 0000F4 (v04 VBOX   VBOXFACP 00000001 ASL  00000061)
[    0.000000] ACPI: DSDT 0x000000007FFF0480 002325 (v02 VBOX   VBOXBIOS 00000002 INTL 20100528)
[    0.000000] ACPI: FACS 0x000000007FFF0200 000040
[    0.000000] ACPI: FACS 0x000000007FFF0200 000040
[    0.000000] ACPI: APIC 0x000000007FFF0240 00006C (v02 VBOX   VBOXAPIC 00000001 ASL  00000061)
[    0.000000] ACPI: SSDT 0x000000007FFF02B0 0001CC (v01 VBOX   VBOXCPUT 00000002 INTL 20100528)
[    0.000000] No NUMA configuration found
[    0.000000] Faking a node at [mem 0x0000000000000000-0x000000007ffeffff]
[    0.000000] NODE_DATA(0) allocated [mem 0x7ffeb000-0x7ffeffff]
[    0.000000] kvm-clock: Using msrs 4b564d01 and 4b564d00
[    0.000000] kvm-clock: cpu 0, msr 0:7ffe3001, primary cpu clock
[    0.000000] kvm-clock: using sched offset of 3942138372 cycles
[    0.000000] clocksource: kvm-clock: mask: 0xffffffffffffffff max_cycles: 0x1cd42e4dffb, max_idle_ns: 881590591483 ns
[    0.000000] Zone ranges:
[    0.000000]   DMA      [mem 0x0000000000001000-0x0000000000ffffff]
[    0.000000]   DMA32    [mem 0x0000000001000000-0x000000007ffeffff]
[    0.000000]   Normal   empty
[    0.000000]   Device   empty
[    0.000000] Movable zone start for each node
[    0.000000] Early memory node ranges
[    0.000000]   node   0: [mem 0x0000000000001000-0x000000000009efff]
[    0.000000]   node   0: [mem 0x0000000000100000-0x000000007ffeffff]
[    0.000000] Initmem setup node 0 [mem 0x0000000000001000-0x000000007ffeffff]
[    0.000000] ACPI: PM-Timer IO Port: 0x4008
[    0.000000] IOAPIC[0]: apic_id 4, version 32, address 0xfec00000, GSI 0-23
[    0.000000] ACPI: INT_SRC_OVR (bus 0 bus_irq 0 global_irq 2 dfl dfl)
[    0.000000] ACPI: INT_SRC_OVR (bus 0 bus_irq 9 global_irq 9 low level)
[    0.000000] Using ACPI (MADT) for SMP configuration information
[    0.000000] smpboot: Allowing 4 CPUs, 0 hotplug CPUs
[    0.000000] PM: Registered nosave memory: [mem 0x00000000-0x00000fff]
[    0.000000] PM: Registered nosave memory: [mem 0x0009f000-0x0009ffff]
[    0.000000] PM: Registered nosave memory: [mem 0x000a0000-0x000effff]
[    0.000000] PM: Registered nosave memory: [mem 0x000f0000-0x000fffff]
[    0.000000] e820: [mem 0x80000000-0xfebfffff] available for PCI devices
[    0.000000] Booting paravirtualized kernel on KVM
[    0.000000] clocksource: refined-jiffies: mask: 0xffffffff max_cycles: 0xffffffff, max_idle_ns: 7645519600211568 ns
[    0.000000] setup_percpu: NR_CPUS:512 nr_cpumask_bits:512 nr_cpu_ids:4 nr_node_ids:1
[    0.000000] PERCPU: Embedded 33 pages/cpu @ffff88007fc00000 s95192 r8192 d31784 u524288
[    0.000000] Built 1 zonelists in Node order, mobility grouping on.  Total pages: 515960
[    0.000000] Policy zone: DMA32
[    0.000000] Kernel command line: BOOT_IMAGE=/boot/vmlinuz-4.4.0-209-generic root=LABEL=cloudimg-rootfs ro console=tty1 console=ttyS0
[    0.000000] PID hash table entries: 4096 (order: 3, 32768 bytes)
[    0.000000] Memory: 2029720K/2096696K available (8644K kernel code, 1332K rwdata, 4044K rodata, 1492K init, 1164K bss, 66976K reserved, 0K cma-reserved)
[    0.000000] SLUB: HWalign=64, Order=0-3, MinObjects=0, CPUs=4, Nodes=1
[    0.000000] Kernel/User page tables isolation: enabled
[    0.000000] Hierarchical RCU implementation.
[    0.000000] 	Build-time adjustment of leaf fanout to 64.
[    0.000000] 	RCU restricting CPUs from NR_CPUS=512 to nr_cpu_ids=4.
[    0.000000] RCU: Adjusting geometry for rcu_fanout_leaf=64, nr_cpu_ids=4
[    0.000000] NR_IRQS:33024 nr_irqs:456 16
[    0.000000] Console: colour VGA+ 80x25
[    0.000000] console [tty1] enabled
[    0.000000] console [ttyS0] enabled
[    0.000000] tsc: Detected 3591.694 MHz processor
[    0.317927] Calibrating delay loop (skipped) preset value.. 7183.38 BogoMIPS (lpj=14366776)
[    0.320864] pid_max: default: 32768 minimum: 301
[    0.322404] ACPI: Core revision 20150930
[    0.326990] ACPI: 2 ACPI AML tables successfully acquired and loaded
[    0.329103] Security Framework initialized
[    0.330576] Yama: becoming mindful.
[    0.331878] AppArmor: AppArmor initialized
[    0.337826] Dentry cache hash table entries: 262144 (order: 9, 2097152 bytes)
[    0.341262] Inode-cache hash table entries: 131072 (order: 8, 1048576 bytes)
[    0.348166] Mount-cache hash table entries: 4096 (order: 3, 32768 bytes)
[    0.350216] Mountpoint-cache hash table entries: 4096 (order: 3, 32768 bytes)
[    0.352600] Initializing cgroup subsys io
[    0.354086] Initializing cgroup subsys memory
[    0.355564] Initializing cgroup subsys devices
[    0.357161] Initializing cgroup subsys freezer
[    0.358701] Initializing cgroup subsys net_cls
[    0.360183] Initializing cgroup subsys perf_event
[    0.361782] Initializing cgroup subsys net_prio
[    0.363346] Initializing cgroup subsys hugetlb
[    0.364845] Initializing cgroup subsys pids
[    0.371826] mce: CPU supports 0 MCE banks
[    0.373247] Last level iTLB entries: 4KB 1024, 2MB 1024, 4MB 1024
[    0.375210] Last level dTLB entries: 4KB 1024, 2MB 1024, 4MB 1024, 1GB 4
[    0.377363] Spectre V1 : Mitigation: usercopy/swapgs barriers and __user pointer sanitization
[    0.380333] Spectre V2 : Mitigation: Full generic retpoline
[    0.382232] Spectre V2 : Spectre v2 / SpectreRSB mitigation: Filling RSB on context switch
[    0.385179] Speculative Store Bypass: Vulnerable
[    0.386787] SRBDS: Unknown: Dependent on hypervisor status
[    0.388684] MDS: Mitigation: Clear CPU buffers
[    0.394942] Freeing SMP alternatives memory: 36K
[    0.406252] ftrace: allocating 32380 entries in 127 pages
[    0.502583] smpboot: APIC(0) Converting physical 0 to logical package 0
[    0.504905] smpboot: Max logical packages: 1
[    0.507264] x2apic enabled
[    0.509354] Switched APIC routing to physical x2apic.
[    0.513720] ..TIMER: vector=0x30 apic1=0 pin1=2 apic2=-1 pin2=-1
[    0.623886] smpboot: CPU0: Intel(R) Core(TM) i7-4790 CPU @ 3.60GHz (family: 0x6, model: 0x3c, stepping: 0x3)
[    0.627594] Performance Events: unsupported p6 CPU model 60 no PMU driver, software events only.
[    0.643694] KVM setup paravirtual spinlock
[    0.650455] x86: Booting SMP configuration:
[    0.652013] .... node  #0, CPUs:      #1
[    0.653400] kvm-clock: cpu 1, msr 0:7ffe3041, secondary cpu clock
[    0.660297] mce: CPU supports 0 MCE banks
[    0.663196]  #2
[    0.663891] kvm-clock: cpu 2, msr 0:7ffe3081, secondary cpu clock
[    0.670574] mce: CPU supports 0 MCE banks
[    0.673438]  #3
[    0.674105] kvm-clock: cpu 3, msr 0:7ffe30c1, secondary cpu clock
[    0.681049] mce: CPU supports 0 MCE banks
[    0.683825] x86: Booted up 1 node, 4 CPUs
[    0.685819] smpboot: Total of 4 processors activated (28733.55 BogoMIPS)
[    0.688570] devtmpfs: initialized
[    0.700173] evm: security.selinux
[    0.701571] evm: security.SMACK64
[    0.702993] evm: security.SMACK64EXEC
[    0.704458] evm: security.SMACK64TRANSMUTE
[    0.705996] evm: security.SMACK64MMAP
[    0.707494] evm: security.ima
[    0.708832] evm: security.capability
[    0.710540] clocksource: jiffies: mask: 0xffffffff max_cycles: 0xffffffff, max_idle_ns: 7645041785100000 ns
[    0.714034] futex hash table entries: 1024 (order: 4, 65536 bytes)
[    0.716257] pinctrl core: initialized pinctrl subsystem
[    0.718238] RTC time: 23:42:02, date: 04/22/21
[    0.720255] NET: Registered protocol family 16
[    0.735646] cpuidle: using governor ladder
[    0.752228] cpuidle: using governor menu
[    0.753845] PCCT header not found.
[    0.755351] ACPI: bus type PCI registered
[    0.756931] acpiphp: ACPI Hot Plug PCI Controller Driver version: 0.5
[    0.759240] PCI: Using configuration type 1 for base access
[    0.775279] ACPI: Added _OSI(Module Device)
[    0.776970] ACPI: Added _OSI(Processor Device)
[    0.778638] ACPI: Added _OSI(3.0 _SCP Extensions)
[    0.780248] ACPI: Added _OSI(Processor Aggregator Device)
[    0.783421] ACPI: Executed 1 blocks of module-level executable AML code
[    0.790546] ACPI: Interpreter enabled
[    0.791958] ACPI: (supports S0 S5)
[    0.793423] ACPI: Using IOAPIC for interrupt routing
[    0.795610] PCI: Using host bridge windows from ACPI; if necessary, use "pci=nocrs" and report a bug
[    0.806677] ACPI: PCI Root Bridge [PCI0] (domain 0000 [bus 00-ff])
[    0.808806] acpi PNP0A03:00: _OSC: OS supports [ASPM ClockPM Segments MSI]
[    0.811669] acpi PNP0A03:00: _OSC: not requesting OS control; OS requires [ExtendedConfig ASPM ClockPM MSI]
[    0.815052] acpi PNP0A03:00: fail to add MMCONFIG information, can't access extended PCI configuration space under this bridge.
[    0.819368] PCI host bridge to bus 0000:00
[    0.821002] pci_bus 0000:00: root bus resource [io  0x0000-0x0cf7 window]
[    0.823239] pci_bus 0000:00: root bus resource [io  0x0d00-0xffff window]
[    0.825611] pci_bus 0000:00: root bus resource [mem 0x000a0000-0x000bffff window]
[    0.828510] pci_bus 0000:00: root bus resource [mem 0x80000000-0xfdffffff window]
[    0.831344] pci_bus 0000:00: root bus resource [bus 00-ff]
[    0.835799] pci 0000:00:01.1: legacy IDE quirk: reg 0x10: [io  0x01f0-0x01f7]
[    0.838215] pci 0000:00:01.1: legacy IDE quirk: reg 0x14: [io  0x03f6]
[    0.840332] pci 0000:00:01.1: legacy IDE quirk: reg 0x18: [io  0x0170-0x0177]
[    0.865055] pci 0000:00:01.1: legacy IDE quirk: reg 0x1c: [io  0x0376]
[    0.887053] pci 0000:00:07.0: quirk: [io  0x4000-0x403f] claimed by PIIX4 ACPI
[    0.889888] pci 0000:00:07.0: quirk: [io  0x4100-0x410f] claimed by PIIX4 SMB
[    0.906528] ACPI: PCI Interrupt Link [LNKA] (IRQs 5 9 10 *11)
[    0.909570] ACPI: PCI Interrupt Link [LNKB] (IRQs 5 9 *10 11)
[    0.912272] ACPI: PCI Interrupt Link [LNKC] (IRQs 5 *9 10 11)
[    0.914941] ACPI: PCI Interrupt Link [LNKD] (IRQs 5 9 10 *11)
[    0.917733] ACPI: Enabled 2 GPEs in block 00 to 07
[    0.919719] vgaarb: setting as boot device: PCI:0000:00:02.0
[    0.921780] vgaarb: device added: PCI:0000:00:02.0,decodes=io+mem,owns=io+mem,locks=none
[    0.924742] vgaarb: loaded
[    0.926085] vgaarb: bridge control possible 0000:00:02.0
[    0.928217] SCSI subsystem initialized
[    0.934134] ACPI: bus type USB registered
[    0.935616] usbcore: registered new interface driver usbfs
[    0.937696] usbcore: registered new interface driver hub
[    0.939568] usbcore: registered new device driver usb
[    0.941732] PCI: Using ACPI for IRQ routing
[    0.943782] NetLabel: Initializing
[    0.945193] NetLabel:  domain hash size = 128
[    0.946840] NetLabel:  protocols = UNLABELED CIPSOv4
[    0.948662] NetLabel:  unlabeled traffic allowed by default
[    0.950655] amd_nb: Cannot enumerate AMD northbridges
[    0.952516] clocksource: Switched to clocksource kvm-clock
[    0.974871] AppArmor: AppArmor Filesystem Enabled
[    0.976568] pnp: PnP ACPI init
[    0.979186] pnp: PnP ACPI: found 3 devices
[    0.988678] clocksource: acpi_pm: mask: 0xffffff max_cycles: 0xffffff, max_idle_ns: 2085701024 ns
[    0.991862] NET: Registered protocol family 2
[    0.993697] TCP established hash table entries: 16384 (order: 5, 131072 bytes)
[    0.996500] TCP bind hash table entries: 16384 (order: 6, 262144 bytes)
[    0.998639] TCP: Hash tables configured (established 16384 bind 16384)
[    1.001026] UDP hash table entries: 1024 (order: 3, 32768 bytes)
[    1.003435] UDP-Lite hash table entries: 1024 (order: 3, 32768 bytes)
[    1.005590] NET: Registered protocol family 1
[    1.007187] pci 0000:00:00.0: Limiting direct PCI/PCI transfers
[    1.009217] pci 0000:00:01.0: Activating ISA DMA hang workarounds
[    1.011407] Unpacking initramfs...
[    1.475424] Freeing initrd memory: 14888K
[    1.477170] RAPL PMU detected, API unit is 2^-32 Joules, 4 fixed counters 10737418240 ms ovfl timer
[    1.480241] hw unit of domain pp0-core 2^-0 Joules
[    1.482018] hw unit of domain package 2^-0 Joules
[    1.483651] hw unit of domain dram 2^-0 Joules
[    1.485163] hw unit of domain pp1-gpu 2^-0 Joules
[    1.486925] clocksource: tsc: mask: 0xffffffffffffffff max_cycles: 0x33c5ad23499, max_idle_ns: 440795326304 ns
[    1.490516] platform rtc_cmos: registered platform RTC device (no PNP device found)
[    1.493311] Scanning for low memory corruption every 60 seconds
[    1.495683] audit: initializing netlink subsys (disabled)
[    1.497756] audit: type=2000 audit(1619134928.311:1): initialized
[    1.500370] Initialise system trusted keyring
[    1.502487] HugeTLB registered 2 MB page size, pre-allocated 0 pages
[    1.507249] zbud: loaded
[    1.508751] VFS: Disk quotas dquot_6.6.0
[    1.510310] VFS: Dquot-cache hash table entries: 512 (order 0, 4096 bytes)
[    1.513021] squashfs: version 4.0 (2009/01/31) Phillip Lougher
[    1.515522] fuse init (API version 7.23)
[    1.517385] Key type big_key registered
[    1.518954] Allocating IMA MOK and blacklist keyrings.
[    1.527522] Key type asymmetric registered
[    1.529113] Asymmetric key parser 'x509' registered
[    1.531027] Block layer SCSI generic (bsg) driver version 0.4 loaded (major 249)
[    1.533865] io scheduler noop registered
[    1.535470] io scheduler deadline registered (default)
[    1.537673] io scheduler cfq registered
[    1.539297] pci_hotplug: PCI Hot Plug PCI Core version: 0.5
[    1.541278] pciehp: PCI Express Hot Plug Controller Driver version: 0.4
[    1.543661] ACPI: AC Adapter [AC] (on-line)
[    1.545656] input: Power Button as /devices/LNXSYSTM:00/LNXPWRBN:00/input/input0
[    1.548677] ACPI: Power Button [PWRF]
[    1.550448] input: Sleep Button as /devices/LNXSYSTM:00/LNXSLPBN:00/input/input1
[    1.553230] ACPI: Sleep Button [SLPF]
[    1.554927] GHES: HEST is not enabled!
[    1.556493] Serial: 8250/16550 driver, 32 ports, IRQ sharing enabled
[    1.579583] 00:02: ttyS0 at I/O 0x3f8 (irq = 4, base_baud = 115200) is a 16550A
[    1.584736] Linux agpgart interface v0.103
[    1.588456] loop: module loaded
[    1.590775] scsi host0: ata_piix
[    1.592240] scsi host1: ata_piix
[    1.593912] ata1: PATA max UDMA/33 cmd 0x1f0 ctl 0x3f6 bmdma 0xd000 irq 14
[    1.596096] ata2: PATA max UDMA/33 cmd 0x170 ctl 0x376 bmdma 0xd008 irq 15
[    1.598433] libphy: Fixed MDIO Bus: probed
[    1.600206] tun: Universal TUN/TAP device driver, 1.6
[    1.601951] tun: (C) 1999-2004 Max Krasnyansky <maxk@qualcomm.com>
[    1.603962] PPP generic driver version 2.4.2
[    1.605964] ehci_hcd: USB 2.0 'Enhanced' Host Controller (EHCI) Driver
[    1.608090] ehci-pci: EHCI PCI platform driver
[    1.609903] ehci-platform: EHCI generic platform driver
[    1.611631] ohci_hcd: USB 1.1 'Open' Host Controller (OHCI) Driver
[    1.613657] ohci-pci: OHCI PCI platform driver
[    1.615250] ohci-platform: OHCI generic platform driver
[    1.616975] uhci_hcd: USB Universal Host Controller Interface driver
[    1.619140] i8042: PNP: PS/2 Controller [PNP0303:PS2K,PNP0f03:PS2M] at 0x60,0x64 irq 1,12
[    1.622630] serio: i8042 KBD port at 0x60,0x64 irq 1
[    1.624504] serio: i8042 AUX port at 0x60,0x64 irq 12
[    1.626665] mousedev: PS/2 mouse device common for all mice
[    1.629475] input: AT Translated Set 2 keyboard as /devices/platform/i8042/serio0/input/input2
[    1.632607] rtc_cmos rtc_cmos: rtc core: registered rtc_cmos as rtc0
[    1.635126] rtc_cmos rtc_cmos: alarms up to one day, 114 bytes nvram
[    1.637243] i2c /dev entries driver
[    1.638779] device-mapper: uevent: version 1.0.3
[    1.640681] device-mapper: ioctl: 4.34.0-ioctl (2015-10-28) initialised: dm-devel@redhat.com
[    1.644032] ledtrig-cpu: registered to indicate activity on CPUs
[    1.647015] NET: Registered protocol family 10
[    1.649012] NET: Registered protocol family 17
[    1.650745] Key type dns_resolver registered
[    1.653060] registered taskstats version 1
[    1.654586] Loading compiled-in X.509 certificates
[    1.657026] Loaded X.509 cert 'Build time autogenerated kernel key: 22d3a5535218f8054ed36ef6cb783aea6be3ac13'
[    1.660584] zswap: loaded using pool lzo/zbud
[    1.663815] Key type trusted registered
[    1.669104] Key type encrypted registered
[    1.670653] AppArmor: AppArmor sha1 policy hashing enabled
[    1.672524] ima: No TPM chip found, activating TPM-bypass!
[    1.674407] ima: Allocated hash algorithm: sha1
[    1.676012] evm: HMAC attrs: 0x1
[    1.677826]   Magic number: 1:766:757
[    1.679321] tty ttyS8: hash matches
[    1.680870] rtc_cmos rtc_cmos: setting system clock to 2021-04-22 23:42:03 UTC (1619134923)
[    1.683831] BIOS EDD facility v0.16 2004-Jun-25, 0 devices found
[    1.685826] EDD information not available.
[    1.798891] Freeing unused kernel memory: 1492K
[    2.139897] Write protecting the kernel read-only data: 14336k
[    2.153467] Freeing unused kernel memory: 1584K
[    2.163054] Freeing unused kernel memory: 52K
Loading, please wait...
starting version 229
[    2.206110] random: systemd-udevd: uninitialized urandom read (16 bytes read, 2 bits of entropy available)
[    2.207430] random: udevadm: uninitialized urandom read (16 bytes read, 2 bits of entropy available)
[    2.207459] random: udevadm: uninitialized urandom read (16 bytes read, 2 bits of entropy available)
[    2.216664] random: systemd-udevd: uninitialized urandom read (16 bytes read, 2 bits of entropy available)
[    2.220154] random: systemd-udevd: uninitialized urandom read (16 bytes read, 2 bits of entropy available)
[    2.222349] random: udevadm: uninitialized urandom read (16 bytes read, 2 bits of entropy available)
[    2.222414] random: udevadm: uninitialized urandom read (16 bytes read, 2 bits of entropy available)
[    2.222837] random: udevadm: uninitialized urandom read (16 bytes read, 2 bits of entropy available)
[    2.222918] random: udevadm: uninitialized urandom read (16 bytes read, 2 bits of entropy available)
[    2.223003] random: udevadm: uninitialized urandom read (16 bytes read, 2 bits of entropy available)
[    2.274977] Fusion MPT base driver 3.04.20
[    2.277015] Copyright (c) 1999-2008 LSI Corporation
[    2.279886] e1000: Intel(R) PRO/1000 Network Driver - version 7.3.21-k8-NAPI
[    2.282652] e1000: Copyright (c) 1999-2006 Intel Corporation.
[    2.289111] Fusion MPT SPI Host driver 3.04.20
[    2.304786] AVX2 version of gcm_enc/dec engaged.
[    2.306868] AES CTR mode by8 optimization enabled
[    2.486829] input: ImExPS/2 Generic Explorer Mouse as /devices/platform/i8042/serio1/input/input4
[    2.697411] e1000 0000:00:03.0 eth0: (PCI:33MHz:32-bit) 02:b2:7d:35:d4:c1
[    2.699631] e1000 0000:00:03.0 eth0: Intel(R) PRO/1000 Network Connection
[    3.539542] e1000 0000:00:08.0 eth1: (PCI:33MHz:32-bit) 08:00:27:e4:26:bc
[    3.544909] e1000 0000:00:08.0 eth1: Intel(R) PRO/1000 Network Connection
[    3.553497] mptbase: ioc0: Initiating bringup
[    3.557715] e1000 0000:00:03.0 enp0s3: renamed from eth0
[    3.573008] e1000 0000:00:08.0 enp0s8: renamed from eth1
[    3.616809] ioc0: LSI53C1030 A0: Capabilities={Initiator}
[    5.233745] scsi host2: ioc0: LSI53C1030 A0, FwRev=00000000h, Ports=1, MaxQ=256, IRQ=20
[    6.386609] scsi 2:0:0:0: Direct-Access     VBOX     HARDDISK         1.0  PQ: 0 ANSI: 5
[    6.437220] scsi target2:0:0: Beginning Domain Validation
[    6.440448] scsi target2:0:0: Domain Validation skipping write tests
[    6.442470] scsi target2:0:0: Ending Domain Validation
[    6.444337] scsi target2:0:0: asynchronous
[    6.446398] scsi 2:0:1:0: Direct-Access     VBOX     HARDDISK         1.0  PQ: 0 ANSI: 5
[    6.449407] scsi target2:0:1: Beginning Domain Validation
[    6.452394] scsi target2:0:1: Domain Validation skipping write tests
[    6.454512] scsi target2:0:1: Ending Domain Validation
[    6.456256] scsi target2:0:1: asynchronous
[    6.462450] sd 2:0:0:0: [sda] 83886080 512-byte logical blocks: (42.9 GB/40.0 GiB)
[    6.462467] sd 2:0:0:0: Attached scsi generic sg0 type 0
[    6.467391] sd 2:0:0:0: [sda] Write Protect is off
[    6.467599] sd 2:0:1:0: [sdb] 20480 512-byte logical blocks: (10.5 MB/10.0 MiB)
[    6.467747] sd 2:0:1:0: [sdb] Write Protect is off
[    6.467849] sd 2:0:1:0: [sdb] Incomplete mode parameter data
[    6.467851] sd 2:0:1:0: [sdb] Assuming drive cache: write through
[    6.472726] sd 2:0:1:0: Attached scsi generic sg1 type 0
[    6.475801] sd 2:0:1:0: [sdb] Attached SCSI disk
[    6.480986] sd 2:0:0:0: [sda] Incomplete mode parameter data
[    6.482768] sd 2:0:0:0: [sda] Assuming drive cache: write through
[    6.485866]  sda: sda1
[    6.487691] sd 2:0:0:0: [sda] Attached SCSI disk
Begin: Loading essential drivers ... [    8.317787] md: linear personality registered for level -1
[    8.322809] md: multipath personality registered for level -4
[    8.327449] md: raid0 personality registered for level 0
[    8.335282] md: raid1 personality registered for level 1
[    8.408624] raid6: sse2x1   gen()  3228 MB/s
[    8.476651] raid6: sse2x1   xor()  2069 MB/s
[    8.544664] raid6: sse2x2   gen()  5414 MB/s
[    8.612602] raid6: sse2x2   xor()  3828 MB/s
[    8.680667] raid6: sse2x4   gen()  8452 MB/s
[    8.748633] raid6: sse2x4   xor()  4989 MB/s
[    8.816615] raid6: avx2x1   gen()  6803 MB/s
[    8.884617] raid6: avx2x2   gen() 12845 MB/s
[    8.952631] raid6: avx2x4   gen() 16626 MB/s
[    8.954229] raid6: using algorithm avx2x4 gen() 16626 MB/s
[    8.956068] raid6: using avx2x2 recovery algorithm
[    8.959620] xor: automatically using best checksumming function:
[    9.000626]    avx       : 19699.000 MB/sec
[    9.003398] async_tx: api initialized (async)
[    9.018350] md: raid6 personality registered for level 6
[    9.020067] md: raid5 personality registered for level 5
[    9.021819] md: raid4 personality registered for level 4
[    9.032882] md: raid10 personality registered for level 10
done.
Begin: Running /scripts/init-premount ... done.
Begin: Mounting root file system ... Begin: Running /scripts/local-top ... done.
Begin: Running /scripts/local-premount ... [    9.078352] Btrfs loaded
Scanning for Btrfs filesystems
done.
Warning: fsck not present, so skipping root file system
[    9.109913] EXT4-fs (sda1): mounted filesystem with ordered data mode. Opts: (null)
done.
Begin: Running /scripts/local-bottom ... done.
Begin: Running /scripts/init-bottom ... done.
[    9.222498] systemd[1]: systemd 229 running in system mode. (+PAM +AUDIT +SELINUX +IMA +APPARMOR +SMACK +SYSVINIT +UTMP +LIBCRYPTSETUP +GCRYPT +GNUTLS +ACL +XZ -LZ4 +SECCOMP +BLKID +ELFUTILS +KMOD -IDN)
[    9.232786] systemd[1]: Detected virtualization oracle.
[    9.237693] systemd[1]: Detected architecture x86-64.

Welcome to [1mUbuntu 16.04.7 LTS[0m!

[    9.248323] systemd[1]: Set hostname to <ubuntu>.
[    9.256692] systemd[1]: Initializing machine ID from random generator.
[    9.260309] systemd[1]: Installed transient /etc/machine-id file.
[    9.416107] systemd[1]: Listening on udev Kernel Socket.
[[0;32m  OK  [0m] Listening on udev Kernel Socket.
[    9.425417] systemd[1]: Set up automount Arbitrary Executable File Formats File System Automount Point.
[[0;32m  OK  [0m] Set up automount Arbitrary Executab...ats File System Automount Point.
[    9.437032] systemd[1]: Listening on Journal Socket.
[[0;32m  OK  [0m] Listening on Journal Socket.
[    9.439792] systemd[1]: Reached target System Time Synchronized.
[[0;32m  OK  [0m] Reached target System Time Synchronized.
[    9.450116] systemd[1]: Created slice User and Session Slice.
[[0;32m  OK  [0m] Created slice User and Session Slice.
[    9.453189] systemd[1]: Listening on udev Control Socket.
[[0;32m  OK  [0m] Listening on udev Control Socket.
[    9.461654] systemd[1]: Listening on Device-mapper event daemon FIFOs.
[[0;32m  OK  [0m] Listening on Device-mapper event daemon FIFOs.
[    9.464924] systemd[1]: Reached target Swap.
[[0;32m  OK  [0m] Reached target Swap.
[    9.467454] systemd[1]: Started Trigger resolvconf update for networkd DNS.
[[0;32m  OK  [0m] Started Trigger resolvconf update for networkd DNS.
[    9.471034] systemd[1]: Listening on Journal Socket (/dev/log).
[[0;32m  OK  [0m] Listening on Journal Socket (/dev/log).
[    9.481186] systemd[1]: Listening on LVM2 metadata daemon socket.
[[0;32m  OK  [0m] Listening on LVM2 metadata daemon socket.
[    9.489018] systemd[1]: Started Forward Password Requests to Wall Directory Watch.
[[0;32m  OK  [0m] Started Forward Password Requests to Wall Directory Watch.
[    9.493288] systemd[1]: Listening on fsck to fsckd communication Socket.
[[0;32m  OK  [0m] Listening on fsck to fsckd communication Socket.
[    9.496728] systemd[1]: Reached target User and Group Name Lookups.
[[0;32m  OK  [0m] Reached target User and Group Name Lookups.
[    9.500036] systemd[1]: Listening on LVM2 poll daemon socket.
[[0;32m  OK  [0m] Listening on LVM2 poll daemon socket.
[    9.509452] systemd[1]: Reached target Encrypted Volumes.
[[0;32m  OK  [0m] Reached target Encrypted Volumes.
[    9.512430] systemd[1]: Listening on Syslog Socket.
[[0;32m  OK  [0m] Listening on Syslog Socket.
[    9.521216] systemd[1]: Listening on /dev/initctl Compatibility Named Pipe.
[[0;32m  OK  [0m] Listening on /dev/initctl Compatibility Named Pipe.
[    9.525184] systemd[1]: Created slice System Slice.
[[0;32m  OK  [0m] Created slice System Slice.
[    9.538858] systemd[1]: Created slice system-serial\x2dgetty.slice.
[[0;32m  OK  [0m] Created slice system-serial\x2dgetty.slice.
[    9.569547] systemd[1]: Starting Create list of required static device nodes for the current kernel...
         Starting Create list of required st... nodes for the current kernel...
[    9.589276] systemd[1]: Starting Nameserver information manager...
         Starting Nameserver information manager...
[    9.601565] systemd[1]: Mounting Debug File System...
         Mounting Debug File System...
[    9.617612] systemd[1]: Reached target Slices.
[[0;32m  OK  [0m] Reached target Slices.
[    9.637848] systemd[1]: Starting Uncomplicated firewall...
         Starting Uncomplicated firewall...
[    9.651740] systemd[1]: Starting Load Kernel Modules...
         Starting Load Kernel Modules...
[    9.664380] systemd[1]: Starting File System Check on Root Device...
         Starting File System Check on Root Device...
[    9.677744] systemd[1]: Mounting POSIX Message Queue File System...
         Mountin[    9.682310] Loading iSCSI transport class v2.0-870.
g POSIX Message Queue File System...
[    9.683544] systemd[1]: Starting Monitoring of LVM2 mirrors, snapshots etc. using dmeventd or progress polling...
         Starting Monitoring of LVM2 mirrors... dmeventd or progress polling...
[    9.705649] systemd[1]: Mounting Huge Pages File System...
         Mounting Huge Pages File System...
[    9.713443] systemd[1]: Starting Set console keymap...
         Starting Set console keymap...
[    9.719192] systemd[1]: Listening on Journal Audit Socket.
[[0;32m  OK  [0m] Listening on Journal Audit Socket.
[    9.727840] systemd[1]: Starting Journal Service...
[    9.731524] iscsi: registered transport (tcp)
         Starting Journal Service...
[    9.738055] systemd[1]: Mounted POSIX Message Queue File System.
[[0;32m  OK  [0m] Mounted POSIX Message Queue File System.
[    9.752453] systemd[1]: Mounted Debug File System.
[[0;32m  OK  [0m] Mounted Debug File System.
[    9.756030] systemd[1]: Mounted Huge Pages File System.
[[0;32m  OK  [0m] Mounted Huge Pages File System.
[    9.765593] systemd[1]: Started Create list of required static device nodes for the current kernel.
[[0;32m  OK  [0m] Started Create list of required sta...ce nodes for the current kernel.
[    9.782503] iscsi: registered transport (iser)
[    9.797633] systemd[1]: Started Uncomplicated firewall.
[[0;32m  OK  [0m] Started Uncomplicated firewall.
[    9.801211] systemd[1]: Started Load Kernel Modules.
[[0;32m  OK  [0m] Started Load Kernel Modules.
[    9.809625] systemd[1]: Started File System Check on Root Device.
[[0;32m  OK  [0m] Started File System Check on Root Device.
[    9.817507] systemd[1]: Started Nameserver information manager.
[[0;32m  OK  [0m] Started Nameserver information manager.
[    9.823715] systemd[1]: Started Journal Service.
[[0;32m  OK  [0m] Started Journal Service.
[[0;32m  OK  [0m] Started File System Check Daemon to report status.
[[0;32m  OK  [0m] Started LVM2 metadata daemon.
         Starting Remount Root and Kernel File Systems...
         Mounting FUSE Control File System...
         Starting Apply Kernel Variables...
[    9.845026] EXT4-fs (sda1): re-mounted. Opts: (null)
         Starting Create Static Device Nodes in /dev...
[[0;32m  OK  [0m] Mounted FUSE Control File System.
[[0;32m  OK  [0m] Started Set console keymap.
[[0;32m  OK  [0m] Started Remount Root and Kernel File Systems.
[[0;32m  OK  [0m] Started Apply Kernel Variables.
[[0;32m  OK  [0m] Started Create Static Device Nodes in /dev.
         Starting udev Kernel Device Manager...
         Starting udev Coldplug all Devices...
         Starting Flush Journal to Persistent Storage...
         Starting Load/Save Random Seed...
[[0;32m  OK  [0m] Started Load/Save Random Seed.
[[0;32m  OK  [0m] Started Flush Journal to Persistent Storage.
[[0;32m  OK  [0m] Started udev Kernel Device Manager.
[[0;32m  OK  [0m] Started udev Coldplug all Devices.
[[0;32m  OK  [0m] Started Dispatch Password Requests to Console Directory Watch.
[[0;32m  OK  [0m] Found device /dev/ttyS0.
[[0;32m  OK  [0m] Listening on Load/Save RF Kill Switch Status /dev/rfkill Watch.
[[0;32m  OK  [0m] Started Monitoring of LVM2 mirrors,...ng dmeventd or progress polling.
[[0;32m  OK  [0m] Reached target Local File Systems (Pre).
[[0;32m  OK  [0m] Reached target Local File Systems.
         Starting Set console font and keymap...
         Starting Commit a transient machine-id on disk...
         Starting LSB: AppArmor initialization...
         Starting Initial cloud-init job (pre-networking)...
         Starting Create Volatile Files and Directories...
         Starting Tell Plymouth To Write Out Runtime Data...
[[0;32m  OK  [0m] Started Commit a transient machine-id on disk.
[[0;32m  OK  [0m] Started Create Volatile Files and Directories.
[[0;32m  OK  [0m] Started Tell Plymouth To Write Out Runtime Data.
         Starting Update UTMP about System Boot/Shutdown...
[[0;32m  OK  [0m] Started Update UTMP about System Boot/Shutdown.
[   12.114894] cloud-init[665]: Cloud-init v. 21.1-19-gbad84ad4-0ubuntu1~16.04.1 running 'init-local' at Thu, 22 Apr 2021 23:42:13 +0000. Up 11.57 seconds.
[[0;32m  OK  [0m] Started Initial cloud-init job (pre-networking).
[[0;32m  OK  [0m] Reached target Network (Pre).
[[0;32m  OK  [0m] Started Set console font and keymap.
[[0;32m  OK  [0m] Created slice system-getty.slice.
[[0;32m  OK  [0m] Started LSB: AppArmor initialization.
         Starting Load AppArmor profiles managed internally by snapd...
         Starting Raise network interfaces...
[[0;32m  OK  [0m] Started Load AppArmor profiles managed internally by snapd.
[[0;32m  OK  [0m] Started Raise network interfaces.
[[0;32m  OK  [0m] Reached target Network.
         Starting Initial cloud-init job (metadata service crawler)...
[   13.959368] cloud-init[992]: Cloud-init v. 21.1-19-gbad84ad4-0ubuntu1~16.04.1 running 'init' at Thu, 22 Apr 2021 23:42:15 +0000. Up 13.22 seconds.
[   13.961442] cloud-init[992]: ci-info: ++++++++++++++++++++++++++++++++++++++Net device info+++++++++++++++++++++++++++++++++++++++
[   13.963308] cloud-init[992]: ci-info: +--------+-------+----------------------------+---------------+--------+-------------------+
[   13.965097] cloud-init[992]: ci-info: | Device |   Up  |          Address           |      Mask     | Scope  |     Hw-Address    |
[   13.967188] cloud-init[992]: ci-info: +--------+-------+----------------------------+---------------+--------+-------------------+
[   13.976387] cloud-init[992]: ci-info: | enp0s3 |  True |         10.0.2.15          | 255.255.255.0 | global | 02:b2:7d:35:d4:c1 |
[   13.978209] cloud-init[992]: ci-info: | enp0s3 |  True | fe80::b2:7dff:fe35:d4c1/64 |       .       |  link  | 02:b2:7d:35:d4:c1 |
[   13.980023] cloud-init[992]: ci-info: | enp0s8 | False |             .              |       .       |   .    | 08:00:27:e4:26:bc |
[   13.981846] cloud-init[992]: ci-info: |   lo   |  True |         127.0.0.1          |   255.0.0.0   |  host  |         .         |
[   13.983759] cloud-init[992]: ci-info: |   lo   |  True |          ::1/128           |       .       |  host  |         .         |
[   13.985519] cloud-init[992]: ci-info: +--------+-------+----------------------------+---------------+--------+-------------------+
[   13.987304] cloud-init[992]: ci-info: +++++++++++++++++++++++++++Route IPv4 info++++++++++++++++++++++++++++
[   13.996397] cloud-init[992]: ci-info: +-------+-------------+----------+---------------+-----------+-------+
[   14.004478] cloud-init[992]: ci-info: | Route | Destination | Gateway  |    Genmask    | Interface | Flags |
[   14.012388] cloud-init[992]: ci-info: +-------+-------------+----------+---------------+-----------+-------+
[   14.021169] cloud-init[992]: ci-info: |   0   |   0.0.0.0   | 10.0.2.2 |    0.0.0.0    |   enp0s3  |   UG  |
[   14.021454] cloud-init[992]: ci-info: |   1   |   10.0.2.0  | 0.0.0.0  | 255.255.255.0 |   enp0s3  |   U   |
[   14.021952] cloud-init[992]: ci-info: +-------+-------------+----------+---------------+-----------+-------+
[   14.022229] cloud-init[992]: ci-info: +++++++++++++++++++Route IPv6 info+++++++++++++++++++
[   14.022808] cloud-init[992]: ci-info: +-------+-------------+---------+-----------+-------+
[   14.023943] cloud-init[992]: ci-info: | Route | Destination | Gateway | Interface | Flags |
[   14.027748] cloud-init[992]: ci-info: +-------+-------------+---------+-----------+-------+
[   14.029996] cloud-init[992]: ci-info: |   0   |  fe80::/64  |    ::   |   enp0s3  |   U   |
[   14.030679] cloud-init[992]: ci-info: |   3   |   ff00::/8  |    ::   |   enp0s3  |   U   |
[   14.031375] cloud-init[992]: ci-info: +-------+-------------+---------+-----------+-------+
[   14.031952] cloud-init[992]: Generating public/private rsa key pair.
[   14.033640] cloud-init[992]: Your identification has been saved in /etc/ssh/ssh_host_rsa_key.
[   14.034202] cloud-init[992]: Your public key has been saved in /etc/ssh/ssh_host_rsa_key.pub.
[   14.035364] cloud-init[992]: The key fingerprint is:
[   14.036572] cloud-init[992]: SHA256:6kYQ51W5E8kx1RstBBjoZZ9DYs6QZ+hEbs03/NVMgn8 root@ubuntu-xenial
[   14.037127] cloud-init[992]: The key's randomart image is:
[   14.037518] cloud-init[992]: +---[RSA 2048]----+
[   14.038108] cloud-init[992]: |       ..*=Bo=o..|
[   14.038692] cloud-init[992]: |    . ..Bo&oo ++o|
[   14.039077] cloud-init[992]: |     + =oXo*+o ++|
[   14.039671] cloud-init[992]: |    . ..o =.+oo.E|
[   14.040093] cloud-init[992]: |     .  S  . ... |
[   14.041342] cloud-init[992]: |      ..         |
[   14.041909] cloud-init[992]: |     ..          |
[   14.042995] cloud-init[992]: |     ..          |
[   14.043580] cloud-init[992]: |     ..          |
[   14.043848] cloud-init[992]: +----[SHA256]-----+
[   14.044222] cloud-init[992]: Generating public/private dsa key pair.
[   14.044721] cloud-init[992]: Your identification has been saved in /etc/ssh/ssh_host_dsa_key.
[   14.045209] cloud-init[992]: Your public key has been saved in /etc/ssh/ssh_host_dsa_key.pub.
[   14.045427] cloud-init[992]: The key fingerprint is:
[   14.045683] cloud-init[992]: SHA256:fJLC3HOAUp9KWv0pWcdxqJX2FY4rxP81+7J11dfs0iM root@ubuntu-xenial
[   14.045941] cloud-init[992]: The key's randomart image is:
[   14.046255] cloud-init[992]: +---[DSA 1024]----+
[   14.046720] cloud-init[992]: |      .     .o...|
[   14.047077] cloud-init[992]: |     . + ...=oo .|
[   14.047338] cloud-init[992]: |    . + = .*oo o |
[   14.047685] cloud-init[992]: |     B + *oo. o.o|
[   14.048239] cloud-init[992]: |    . = S =. o .B|
[   14.048705] cloud-init[992]: |       . *  . .o*|
[   14.049204] cloud-init[992]: |             E.+=|
[   14.049576] cloud-init[992]: |              oo+|
[   14.049961] cloud-init[992]: |              .o.|
[   14.050490] cloud-init[992]: +----[SHA256]-----+
[   14.050853] cloud-init[992]: Generating public/private ecdsa key pair.
[   14.051313] cloud-init[992]: Your identification has been saved in /etc/ssh/ssh_host_ecdsa_key.
[   14.051662] cloud-init[992]: Your public key has been saved in /etc/ssh/ssh_host_ecdsa_key.pub.
[   14.051926] cloud-init[992]: The key fingerprint is:
[   14.052472] cloud-init[992]: SHA256:FQOg5J/owG04XBbU1mJAjoOAjVqI03R2ZPjNZfxU9xg root@ubuntu-xenial
[   14.052873] cloud-init[992]: The key's randomart image is:
[   14.053477] cloud-init[992]: +---[ECDSA 256]---+
[   14.053866] cloud-init[992]: |+*.oO==o.oo  .E .|
[   14.054442] cloud-init[992]: |B.+B.== . +o.  +.|
[   14.054832] cloud-init[992]: |ooo *+ + o.o  . .|
[   14.055220] cloud-init[992]: |.o * o..o.  .    |
[   14.055489] cloud-init[992]: |  * + o S        |
[   14.055876] cloud-init[992]: |   =             |
[   14.056246] cloud-init[992]: |    .            |
[   14.056620] cloud-init[992]: |                 |
[   14.057372] cloud-init[992]: |                 |
[   14.057737] cloud-init[992]: +----[SHA256]-----+
[   14.058579] cloud-init[992]: Generating public/private ed25519 key pair.
[   14.059146] cloud-init[992]: Your identification has been saved in /etc/ssh/ssh_host_ed25519_key.
[   14.059709] cloud-init[992]: Your public key has been saved in /etc/ssh/ssh_host_ed25519_key.pub.
[   14.060493] cloud-init[992]: The key fingerprint is:
[   14.060883] cloud-init[992]: SHA256:mOhinVYIfSGlGG6oXua06Rv5EM0j9QNBJ3zJXDCcuuo root@ubuntu-xenial
[   14.061430] cloud-init[992]: The key's randomart image is:
[   14.061833] cloud-init[992]: +--[ED25519 256]--+
[   14.062204] cloud-init[992]: |  . +=*+=.       |
[   14.062586] cloud-init[992]: | o + ++O.        |
[   14.063371] cloud-init[992]: |. = oo+          |
[   14.063778] cloud-init[992]: |.. .+=oo         |
[   14.064971] cloud-init[992]: |.  *o+=oS        |
[   14.065348] cloud-init[992]: |. =o*+. .        |
[   14.066131] cloud-init[992]: | .oB*            |
[   14.066905] cloud-init[992]: | ..++            |
[   14.067742] cloud-init[992]: |  .E..           |
[   14.068692] cloud-init[992]: +----[SHA256]-----+
[[0;32m  OK  [0m] Started Initial cloud-init job (metadata service crawler).
[[0;32m  OK  [0m] Reached target Cloud-config availability.
[[0;32m  OK  [0m] Reached target System Initialization.
[[0;32m  OK  [0m] Started Message of the Day.
         Starting Socket activation for snappy daemon.
[[0;32m  OK  [0m] Started Daily Cleanup of Temporary Directories.
[[0;32m  OK  [0m] Listening on ACPID Listen Socket.
         Starting LXD - unix socket.
[[0;32m  OK  [0m] Listening on UUID daemon activation socket.
[[0;32m  OK  [0m] Started ACPI Events Check.
[[0;32m  OK  [0m] Reached target Paths.
[[0;32m  OK  [0m] Listening on D-Bus System Message Bus Socket.
[[0;32m  OK  [0m] Started Daily apt download activities.
[[0;32m  OK  [0m] Started Daily apt upgrade and clean activities.
[[0;32m  OK  [0m] Reached target Timers.
[[0;32m  OK  [0m] Reached target Network is Online.
         Starting iSCSI initiator daemon (iscsid)...
[[0;32m  OK  [0m] Listening on Socket activation for snappy daemon.
[[0;32m  OK  [0m] Listening on LXD - unix socket.
[[0;32m  OK  [0m] Reached target Sockets.
[[0;32m  OK  [0m] Reached target Basic System.
[[0;32m  OK  [0m] Started D-Bus System Message Bus.
[[0;32m  OK  [0m] Started ACPI event daemon.
         Starting LXD - container startup/shutdown...
[[0;32m  OK  [0m] Started Deferred execution scheduler.
         Starting Virtualbox guest utils...
         Starting System Logging Service...
[[0;32m  OK  [0m] Started FUSE filesystem for LXC.
         Starting Login Service...
         Starting LSB: MD monitoring daemon...
         Starting /etc/rc.local Compatibility...
         Starting Accounts Service...
[[0;32m  OK  [0m] Started Regular background program processing daemon.
         Starting LSB: Record successful boot for GRUB...
         Starting Pollinate to seed the pseudo random number generator...
         Starting Snap Daemon...
[[0;32m  OK  [0m] Started System Logging Service.
[[0;32m  OK  [0m] Started /etc/rc.local Compatibility.
[[0;32m  OK  [0m] Started iSCSI initiator daemon (iscsid).
         Starting Login to default iSCSI targets...
[[0;32m  OK  [0m] Started LSB: Record successful boot for GRUB.
[[0;32m  OK  [0m] Started Login Service.
         Starting Authenticate and Authorize Users to Run Privileged Tasks...
[[0;32m  OK  [0m] Started Unattended Upgrades Shutdown.
[[0;32m  OK  [0m] Started LSB: MD monitoring daemon.
[[0;32m  OK  [0m] Started Login to default iSCSI targets.
[[0;32m  OK  [0m] Reached target Remote File Systems (Pre).
[[0;32m  OK  [0m] Reached target Remote File Systems.
         Starting LSB: Set the CPU Frequency Scaling governor to "ondemand"...
         Starting LSB: automatic crash report generation...
         Starting Permit User Sessions...
         Starting LSB: daemon to balance interrupts for SMP systems...
[[0;32m  OK  [0m] Started Authenticate and Authorize Users to Run Privileged Tasks.
[[0;32m  OK  [0m] Started Permit User Sessions.
         Starting Terminate Plymouth Boot Screen...
         Starting Hold until boot process finishes up...
[[0;32m  OK  [0m] Started Hold until boot process finishes up.
[[0;32m  OK  [0m] Started Accounts Service.
[[0;32m  OK  [0m] Started Terminate Plymouth Boot Screen.
[[0;32m  OK  [0m] Started LSB: Set the CPU Frequency Scaling governor to "ondemand".
[[0;32m  OK  [0m] Started Serial Getty on ttyS0.
[[0;32m  OK  [0m] Started Getty on tty1.
[[0;32m  OK  [0m] Reached target Login Prompts.
         Starting Set console scheme...
[[0;32m  OK  [0m] Started LXD - container startup/shutdown.
[[0;32m  OK  [0m] Started Virtualbox guest utils.
[[0;32m  OK  [0m] Started LSB: automatic crash report generation.
[[0;32m  OK  [0m] Started LSB: daemon to balance interrupts for SMP systems.
[[0;32m  OK  [0m] Started Set console scheme.
[[0;32m  OK  [0m] Started Snap Daemon.
         Starting Wait until snapd is fully seeded...
[[0;32m  OK  [0m] Started Pollinate to seed the pseudo random number generator.
         Starting OpenBSD Secure Shell server...
[[0;32m  OK  [0m] Started OpenBSD Secure Shell server.
[[0;32m  OK  [0m] Started Wait until snapd is fully seeded.
         Starting Apply the settings specified in cloud-config...
[[0;32m  OK  [0m] Reached target Multi-User System.
[[0;32m  OK  [0m] Reached target Graphical Interface.
         Starting Update UTMP about System Runlevel Changes...
[[0;32m  OK  [0m] Started Update UTMP about System Runlevel Changes.
[   17.081466] cloud-init[1337]: Generating locales (this might take a while)...
[[0;32m  OK  [0m] Created slice User Slice of vagrant.
         Starting User Manager for UID 1000...
[[0;32m  OK  [0m] Started Session 1 of user vagrant.
[[0;32m  OK  [0m] Started User Manager for UID 1000.
[   19.607426] cloud-init[1337]:   en_US.UTF-8... done
[   19.620939] cloud-init[1337]: Generation complete.
[   20.088963] cloud-init[1337]: Cloud-init v. 21.1-19-gbad84ad4-0ubuntu1~16.04.1 running 'modules:config' at Thu, 22 Apr 2021 23:42:19 +0000. Up 16.90 seconds.

Ubuntu 16.04.7 LTS ubuntu-xenial ttyS0

ubuntu-xenial login: ci-info: no authorized SSH keys fingerprints found for user ubuntu.
<14>Apr 22 23:42:23 ec2: 
<14>Apr 22 23:42:23 ec2: #############################################################
<14>Apr 22 23:42:23 ec2: -----BEGIN SSH HOST KEY FINGERPRINTS-----
<14>Apr 22 23:42:23 ec2: 1024 SHA256:fJLC3HOAUp9KWv0pWcdxqJX2FY4rxP81+7J11dfs0iM root@ubuntu-xenial (DSA)
<14>Apr 22 23:42:23 ec2: 256 SHA256:FQOg5J/owG04XBbU1mJAjoOAjVqI03R2ZPjNZfxU9xg root@ubuntu-xenial (ECDSA)
<14>Apr 22 23:42:23 ec2: 256 SHA256:mOhinVYIfSGlGG6oXua06Rv5EM0j9QNBJ3zJXDCcuuo root@ubuntu-xenial (ED25519)
<14>Apr 22 23:42:23 ec2: 2048 SHA256:6kYQ51W5E8kx1RstBBjoZZ9DYs6QZ+hEbs03/NVMgn8 root@ubuntu-xenial (RSA)
<14>Apr 22 23:42:23 ec2: -----END SSH HOST KEY FINGERPRINTS-----
<14>Apr 22 23:42:23 ec2: #############################################################
-----BEGIN SSH HOST KEY KEYS-----
ecdsa-sha2-nistp256 AAAAE2VjZHNhLXNoYTItbmlzdHAyNTYAAAAIbmlzdHAyNTYAAABBBKtO+XH7WI1wlCz9q22EvUk+08K8QU7mABuPwrN22w/udoc/GMz2aUr1h/KePA17yLm8efpvfN+9SjaCYG+JfJk= root@ubuntu-xenial
ssh-ed25519 AAAAC3NzaC1lZDI1NTE5AAAAIAx+Ez/BmZE1YVjLrMWpv2ft2PE86c5l4Ze3Ic4G8tP2 root@ubuntu-xenial
ssh-rsa AAAAB3NzaC1yc2EAAAADAQABAAABAQCui8X9oj7a2O2J3sYjPcbg+2l5kfKa5J6sNTPr+BA9qKrPyqYsv+TIFYEyb58f7mp6jrQaxExASXut9z5PLImcgB8vxh++SIIiDSEGEu1p3BNssMNPbmYBWwQD1MNUM5AWg2xHnBRorZXnHEDJtAEG87eKQZu2quHpxbw6ypSjEa8opGqQcdoLePOWh2K/jDVVQfylnaZCtv6t8jfTJYBfyLQJtf3c+QAyPnF9lNqBBW37NOeAztrVWuvkNaUNdSkjN0/cttWzGOftGGVo0NvVxCjCWYof3wk5EHUaLBXnizh/vQqRl/zLMWGrhJ5W5/DYzlanXRG9UmVOllIClLm3 root@ubuntu-xenial
-----END SSH HOST KEY KEYS-----
[   20.954186] cloud-init[1558]: Cloud-init v. 21.1-19-gbad84ad4-0ubuntu1~16.04.1 running 'modules:final' at Thu, 22 Apr 2021 23:42:22 +0000. Up 20.72 seconds.
[   20.954736] cloud-init[1558]: ci-info: no authorized SSH keys fingerprints found for user ubuntu.
[   20.955271] cloud-init[1558]: Cloud-init v. 21.1-19-gbad84ad4-0ubuntu1~16.04.1 finished at Thu, 22 Apr 2021 23:42:23 +0000. Datasource DataSourceNoCloud [seed=/dev/sdb][dsmode=net].  Up 20.94 seconds
